JvmtiExport can_access_local_variables 0
JvmtiExport can_hotswap_or_post_breakpoint 0
JvmtiExport can_post_on_exceptions 0
# 141 ciObject found
ciMethod java/lang/Object <init> ()V 4097 1 8572039 0 -1
ciMethod java/lang/Object clone ()Ljava/lang/Object; 2049 1 256 0 -1
ciMethod java/lang/String equals (Ljava/lang/Object;)Z 2249 12089 2467 0 -1
ciMethod java/lang/StringBuilder <init> ()V 953 1 291721 0 -1
ciMethod java/lang/StringBuilder append (Ljava/lang/String;)Ljava/lang/StringBuilder; 2089 1 736895 0 -1
ciMethod java/lang/StringBuilder toString ()Ljava/lang/String; 1033 1 310845 0 -1
ciMethod java/lang/Integer parseInt (Ljava/lang/String;)I 73 1 16601 0 -1
ciMethod java/security/AccessController doPrivileged (Ljava/security/PrivilegedAction;)Ljava/lang/Object; 2049 1 256 0 -1
ciMethod java/lang/Enum ordinal ()I 1185 1 148 0 -1
ciMethodData java/lang/Object <init> ()V 2 8572039 orig 264 88 29 16 119 0 0 0 0 128 4 200 22 0 0 0 0 32 1 0 0 0 0 0 0 0 0 0 0 0 0 0 0 0 0 0 0 0 0 0 0 0 0 0 0 0 0 0 0 0 0 0 0 0 0 0 0 0 0 0 0 0 0 0 0 0 0 0 0 0 0 0 0 0 0 0 0 0 0 0 0 77 68 79 32 101 120 116 114 97 32 100 97 116 97 32 108 111 99 107 0 0 0 0 0 0 0 0 0 0 0 0 0 0 0 0 0 0 0 0 0 0 0 0 0 0 0 0 0 0 0 0 0 0 0 0 0 0 0 0 0 0 0 0 0 0 0 0 0 0 0 0 0 0 0 0 0 0 0 0 0 0 0 0 0 0 0 0 0 0 0 0 0 0 0 0 0 0 0 0 0 0 0 0 0 1 0 0 0 0 0 0 0 1 0 0 0 0 0 0 0 1 0 0 0 0 0 0 0 0 0 0 0 0 0 0 0 0 2 0 0 57 84 22 4 1 0 0 0 0 0 0 0 0 0 0 0 2 0 0 0 0 0 3 0 1 0 0 0 0 0 0 0 255 255 255 255 0 0 0 0 0 0 0 0 data 0 oops 0
ciMethod java/lang/NumberFormatException <init> (Ljava/lang/String;)V 9 1 48 0 -1
ciMethod com/sun/org/apache/xerces/internal/utils/XMLSecurityManager readSystemProperties ()V 921 32833 798 0 -1
ciMethod com/sun/org/apache/xerces/internal/utils/XMLSecurityManager getSystemProperty (Lcom/sun/org/apache/xerces/internal/utils/XMLSecurityManager$Limit;Ljava/lang/String;)Z 16881 1 7872 0 2432
ciMethod com/sun/org/apache/xerces/internal/utils/XMLSecurityManager$Limit values ()[Lcom/sun/org/apache/xerces/internal/utils/XMLSecurityManager$Limit; 2081 1 4969 0 0
ciMethod com/sun/org/apache/xerces/internal/utils/XMLSecurityManager$Limit systemProperty ()Ljava/lang/String; 1729 1 216 0 0
ciMethod com/sun/org/apache/xerces/internal/utils/SecuritySupport getSystemProperty (Ljava/lang/String;)Ljava/lang/String; 2049 1 6964 0 -1
ciMethod com/sun/org/apache/xerces/internal/utils/SecuritySupport readJAXPProperty (Ljava/lang/String;)Ljava/lang/String; 16625 1 7618 0 -1
ciMethod com/sun/org/apache/xerces/internal/utils/SecuritySupport$4 <init> (Ljava/lang/String;)V 2049 1 6965 0 -1
ciMethod com/sun/org/apache/xerces/internal/utils/XMLSecurityManager$NameMap values ()[Lcom/sun/org/apache/xerces/internal/utils/XMLSecurityManager$NameMap; 2089 1 7200 0 0
ciMethod com/sun/org/apache/xerces/internal/utils/XMLSecurityManager$NameMap getOldName (Ljava/lang/String;)Ljava/lang/String; 3241 1 21600 0 0
ciMethodData com/sun/org/apache/xerces/internal/utils/XMLSecurityManager$NameMap getOldName (Ljava/lang/String;)Ljava/lang/String; 2 21600 orig 264 88 29 16 119 0 0 0 0 32 22 184 44 0 0 0 0 160 1 0 0 0 0 0 0 0 0 0 0 0 0 0 0 0 0 0 0 0 0 0 0 0 0 0 0 0 0 0 0 0 0 0 0 0 0 0 0 0 0 0 0 0 0 0 0 0 0 0 0 0 0 0 0 0 0 0 0 0 0 0 0 77 68 79 32 101 120 116 114 97 32 100 97 116 97 32 108 111 99 107 0 0 0 0 0 0 0 0 0 0 0 0 0 0 0 0 0 0 0 0 0 0 0 0 0 0 0 0 0 0 0 0 0 0 0 0 0 0 0 0 0 0 0 0 0 0 0 0 0 0 0 0 0 0 0 0 0 0 0 0 0 0 0 0 0 0 0 0 0 0 0 0 0 0 0 0 0 0 0 0 0 0 0 0 0 0 0 0 0 0 0 0 0 0 0 0 0 0 0 0 0 0 0 0 0 0 0 0 0 0 0 0 0 0 0 0 0 149 1 0 0 89 150 2 0 1 0 0 0 0 0 0 0 0 0 0 0 2 0 0 0 0 0 5 0 2 0 0 0 80 0 0 0 255 255 255 255 5 0 5 0 0 0 0 0 data 10 0x50005 0x1b 0x250aaf0 0x52b0 0x0 0x0 0x80007 0x4998 0x20 0x933 oops 1